<?xml version="1.0" encoding="UTF-8"?>
<!-- Generated by org.testng.reporters.JUnitReportReporter -->
<testsuite hostname="MCKL-7604-T" failures="0" tests="1" name="testSuite.TC_002_RewardSearch" time="15.792" errors="0" timestamp="2023-04-21T16:34:10 IST" skipped="0">
  <testcase classname="testSuite.TC_002_RewardSearch" name="RewardSearch" time="15.792"/>
  <system-out/>
</testsuite> <!-- testSuite.TC_002_RewardSearch -->
