<?xml version="1.0" encoding="UTF-8"?>
<!-- Generated by org.testng.reporters.JUnitReportReporter -->
<testsuite hostname="MCKL-7604-T" failures="0" tests="1" name="testSuite.TC_001_LoginTest" time="0.200" errors="0" timestamp="2023-04-21T16:34:10 IST" skipped="0">
  <testcase classname="testSuite.TC_001_LoginTest" name="LoginTestExecution" time="0.200"/>
  <system-out/>
</testsuite> <!-- testSuite.TC_001_LoginTest -->
